Arguments: 
  C:\Program Files\nodejs\node.exe C:\Program Files (x86)\Yarn\bin\yarn.js add vuex --save

PATH: 
  C:\ProgramData\Oracle\Java\javapath;C:\WINDOWS\system32;C:\WINDOWS;C:\WINDOWS\System32\Wbem;C:\WINDOWS\System32\WindowsPowerShell\v1.0\;C:\Program Files\Git\cmd;C:\Program Files\TortoiseSVN\bin;C:\Program Files (x86)\Heroku\bin;C:\Program Files (x86)\git\cmd;C:\Program Files (x86)\Git\cmd;C:\Program Files\nodejs\;C:\Python27;C:\Program Files (x86)\Calibre2\;C:\Program Files (x86)\Yarn\bin;C:\Program Files (x86)\Windows Kits\8.1\Windows Performance Toolkit\;C:\Ruby23-x64\bin;C:\Program Files (x86)\Microsoft VS Code\bin;C:\Program Files\MongoDB\Server\3.2\bin;C:\Users\czl\AppData\Local\Microsoft\WindowsApps;C:\Users\czl\.aeromock\applications\current;C:\Users\czl\AppData\Roaming\npm;C:\Users\czl\AppData\Local\Pandoc\;C:\Users\czl\AppData\Local\Yarn\.bin

Yarn version: 
  0.23.2

Node version: 
  7.0.0

Platform: 
  win32 x64

npm manifest: 
  {
    "name": "idle",
    "version": "0.2.0",
    "description": "",
    "main": "src/index.ts",
    "scripts": {
      "dev": "npm-run-all -p dev:*",
      "dev:server": "nodemon -w src -e ts  --exec \"tsc && node --harmony --debug  dist/index.js  \" ",
      "dev:client": "set NODE_ENV=development && node node_modules/webpack/bin/webpack.js  --progress --watch",
      "dev:db": "mongod",
      "build": "npm run build:server && npm run build:client",
      "build:server": "node node_modules/typescript/bin/tsc",
      "build:client": "set NODE_ENV=production && node node_modules/webpack/bin/webpack.js --progress",
      "postinstall": "npm run build",
      "start": "node --harmony  dist/index.js "
    },
    "engines": {
      "node": "7.0.0",
      "npm": "3.10.8"
    },
    "author": "",
    "license": "ISC",
    "dependencies": {
      "@types/express": "^4.0.35",
      "@types/express-session": "0.0.32",
      "@types/mongoose": "^4.7.11",
      "@types/node": "^7.0.13",
      "animate.css": "^3.5.2",
      "babel-core": "^6.21.0",
      "babel-loader": "^6.2.10",
      "babel-polyfill": "^6.20.0",
      "babel-preset-latest": "^6.16.0",
      "babel-preset-stage-0": "^6.16.0",
      "body-parser": "^1.16.0",
      "bootstrap": "^4.0.0-alpha.6",
      "compression": "^1.6.2",
      "cookie-parser": "^1.4.3",
      "css-loader": "^0.26.1",
      "cssnano": "^3.9.1",
      "del": "^2.2.2",
      "express": "^4.14.0",
      "express-session": "^1.15.0",
      "extract-text-webpack-plugin": "^2.0.0",
      "file-loader": "^0.9.0",
      "glob": "^7.1.1",
      "html-loader": "^0.4.4",
      "html-webpack-plugin": "^2.24.1",
      "http-proxy": "^1.16.2",
      "json-loader": "^0.5.4",
      "less": "^2.7.2",
      "less-loader": "^2.2.3",
      "md5": "^2.2.1",
      "mongoose": "^4.7.7",
      "normalize.css": "^5.0.0",
      "postcss-cssnext": "^2.9.0",
      "request": "^2.79.0",
      "socket.io": "^1.7.2",
      "style-loader": "^0.13.1",
      "typescript": "^2.3.1",
      "url-loader": "^0.5.7",
      "uuid": "^3.0.1",
      "vue": "^2.1.6",
      "vue-loader": "^11.1.3",
      "vue-resource": "^1.0.3",
      "vue-router": "^2.1.1",
      "vue-template-compiler": "^2.1.6",
      "webpack": "2.2.1",
      "webpack-dev-server": "^2.4.1",
      "webpack-livereload-plugin": "^0.11.0"
    }
  }

yarn manifest: 
  No manifest

Lockfile: 
  No lockfile

Trace: 
  Error: connect ETIMEDOUT 104.16.62.173:443
      at Object.exports._errnoException (util.js:1026:11)
      at exports._exceptionWithHostPort (util.js:1049:20)
      at TCPConnectWrap.afterConnect [as oncomplete] (net.js:1090:14)
